<?xml version="1.0" encoding="UTF-8"?>
<testsuite name="rspec" tests="2" failures="2" errors="0" time="1.304441" timestamp="2016-10-05T17:03:01+00:00">
  <!-- Randomized with seed 37427 -->
  <properties/>
  <testcase classname="spec.app.test_spec" name="sample spec should validate types" file="./spec/app/test_spec.rb" time="0.695897">
    <failure message="Api request returned invalid json" type="Airborne::InvalidJsonError">
      <![CDATA[Api request returned invalid json
/usr/local/bundle/gems/airborne-0.2.5/lib/airborne/base.rb:73:in `rescue in json_body'
/usr/local/bundle/gems/airborne-0.2.5/lib/airborne/base.rb:73:in `json_body'
/usr/local/bundle/gems/airborne-0.2.5/lib/airborne/request_expectations.rb:141:in `call_with_path'
/usr/local/bundle/gems/airborne-0.2.5/lib/airborne/request_expectations.rb:12:in `expect_json_types'
./spec/app/test_spec.rb:6:in `block (2 levels) in <top (required)>'
------------------
--- Caused by: ---
JSON::ParserError:
  743: unexpected token at '<!doctype html>
  <html>
  <head>
      <title>Example Domain</title>
  
      <meta charset="utf-8" />
      <meta http-equiv="Content-type" content="text/html; charset=utf-8" />
      <meta name="viewport" content="width=device-width, initial-scale=1" />
      <style type="text/css">
      body {
          background-color: #f0f0f2;
          margin: 0;
          padding: 0;
          font-family: "Open Sans", "Helvetica Neue", Helvetica, Arial, sans-serif;
          
      }
      div {
          width: 600px;
          margin: 5em auto;
          padding: 50px;
          background-color: #fff;
          border-radius: 1em;
      }
      a:link, a:visited {
          color: #38488f;
          text-decoration: none;
      }
      @media (max-width: 700px) {
          body {
              background-color: #fff;
          }
          div {
              width: auto;
              margin: 0 auto;
              border-radius: 0;
              padding: 1em;
          }
      }
      </style>    
  </head>
  
  <body>
  <div>
      <h1>Example Domain</h1>
      <p>This domain is established to be used for illustrative examples in documents. You may use this
      domain in examples without prior coordination or asking for permission.</p>
      <p><a href="http://www.iana.org/domains/example">More information...</a></p>
  </div>
  </body>
  </html>
  '
  /usr/local/bundle/gems/json-2.0.2/lib/json/common.rb:156:in `parse']]>
    </failure>
  </testcase>
  <testcase classname="spec.app.test_spec" name="sample spec should validate values" file="./spec/app/test_spec.rb" time="0.607955">
    <failure message="Api request returned invalid json" type="Airborne::InvalidJsonError">
      <![CDATA[Api request returned invalid json
/usr/local/bundle/gems/airborne-0.2.5/lib/airborne/base.rb:73:in `rescue in json_body'
/usr/local/bundle/gems/airborne-0.2.5/lib/airborne/base.rb:73:in `json_body'
/usr/local/bundle/gems/airborne-0.2.5/lib/airborne/request_expectations.rb:141:in `call_with_path'
/usr/local/bundle/gems/airborne-0.2.5/lib/airborne/request_expectations.rb:18:in `expect_json'
./spec/app/test_spec.rb:11:in `block (2 levels) in <top (required)>'
------------------
--- Caused by: ---
JSON::ParserError:
  743: unexpected token at '<!doctype html>
  <html>
  <head>
      <title>Example Domain</title>
  
      <meta charset="utf-8" />
      <meta http-equiv="Content-type" content="text/html; charset=utf-8" />
      <meta name="viewport" content="width=device-width, initial-scale=1" />
      <style type="text/css">
      body {
          background-color: #f0f0f2;
          margin: 0;
          padding: 0;
          font-family: "Open Sans", "Helvetica Neue", Helvetica, Arial, sans-serif;
          
      }
      div {
          width: 600px;
          margin: 5em auto;
          padding: 50px;
          background-color: #fff;
          border-radius: 1em;
      }
      a:link, a:visited {
          color: #38488f;
          text-decoration: none;
      }
      @media (max-width: 700px) {
          body {
              background-color: #fff;
          }
          div {
              width: auto;
              margin: 0 auto;
              border-radius: 0;
              padding: 1em;
          }
      }
      </style>    
  </head>
  
  <body>
  <div>
      <h1>Example Domain</h1>
      <p>This domain is established to be used for illustrative examples in documents. You may use this
      domain in examples without prior coordination or asking for permission.</p>
      <p><a href="http://www.iana.org/domains/example">More information...</a></p>
  </div>
  </body>
  </html>
  '
  /usr/local/bundle/gems/json-2.0.2/lib/json/common.rb:156:in `parse']]>
    </failure>
  </testcase>
</testsuite>
